<?xml version="1.0" encoding="UTF-8"?>
<!-- Generated by org.testng.reporters.JUnitReportReporter -->
<testsuite skipped="5" hostname="QT-INBG-LT0677" name="patterns.Pattern1" tests="6" failures="0" timestamp="2019-12-31T14:00:19 IST" time="0.016" errors="0">
  <testcase name="pattern3_4" time="0.016" classname="patterns.Pattern1"/>
  <testcase name="pattern4" classname="patterns.Pattern1">
    <skipped/>
  </testcase> <!-- pattern4 -->
  <testcase name="pattern1" classname="patterns.Pattern1">
    <skipped/>
  </testcase> <!-- pattern1 -->
  <testcase name="pattern2" classname="patterns.Pattern1">
    <skipped/>
  </testcase> <!-- pattern2 -->
  <testcase name="pattern3" classname="patterns.Pattern1">
    <skipped/>
  </testcase> <!-- pattern3 -->
  <testcase name="pattern1_2" classname="patterns.Pattern1">
    <skipped/>
  </testcase> <!-- pattern1_2 -->
</testsuite> <!-- patterns.Pattern1 -->
